Determining if the pthread_create exist failed with the following output:
Change Dir: /home/kekor/SAMOSBOR_2/cmake-build-debug/CMakeFiles/CMakeTmp

Run Build Command:"/usr/bin/make" "cmTC_6a3c7/fast"
/usr/bin/make -f CMakeFiles/cmTC_6a3c7.dir/build.make CMakeFiles/cmTC_6a3c7.dir/build
make[1]: вход в каталог «/home/kekor/SAMOSBOR_2/cmake-build-debug/CMakeFiles/CMakeTmp»
Building C object CMakeFiles/cmTC_6a3c7.dir/CheckSymbolExists.c.o
/usr/bin/cc    -o CMakeFiles/cmTC_6a3c7.dir/CheckSymbolExists.c.o   -c /home/kekor/SAMOSBOR_2/cmake-build-debug/CMakeFiles/CMakeTmp/CheckSymbolExists.c
Linking C executable cmTC_6a3c7
/opt/clion-2018.3.4/bin/cmake/linux/bin/cmake -E cmake_link_script CMakeFiles/cmTC_6a3c7.dir/link.txt --verbose=1
/usr/bin/cc      CMakeFiles/cmTC_6a3c7.dir/CheckSymbolExists.c.o  -o cmTC_6a3c7 
CMakeFiles/cmTC_6a3c7.dir/CheckSymbolExists.c.o: In function `main':
CheckSymbolExists.c:(.text+0x1b): undefined reference to `pthread_create'
collect2: error: ld returned 1 exit status
CMakeFiles/cmTC_6a3c7.dir/build.make:86: recipe for target 'cmTC_6a3c7' failed
make[1]: *** [cmTC_6a3c7] Error 1
make[1]: выход из каталога «/home/kekor/SAMOSBOR_2/cmake-build-debug/CMakeFiles/CMakeTmp»
Makefile:121: recipe for target 'cmTC_6a3c7/fast' failed
make: *** [cmTC_6a3c7/fast] Error 2

File /home/kekor/SAMOSBOR_2/cmake-build-debug/CMakeFiles/CMakeTmp/CheckSymbolExists.c:
/* */
#include <pthread.h>

int main(int argc, char** argv)
{
  (void)argv;
#ifndef pthread_create
  return ((int*)(&pthread_create))[argc];
#else
  (void)argc;
  return 0;
#endif
}

Determining if the function pthread_create exists in the pthreads failed with the following output:
Change Dir: /home/kekor/SAMOSBOR_2/cmake-build-debug/CMakeFiles/CMakeTmp

Run Build Command:"/usr/bin/make" "cmTC_82352/fast"
/usr/bin/make -f CMakeFiles/cmTC_82352.dir/build.make CMakeFiles/cmTC_82352.dir/build
make[1]: вход в каталог «/home/kekor/SAMOSBOR_2/cmake-build-debug/CMakeFiles/CMakeTmp»
Building C object CMakeFiles/cmTC_82352.dir/CheckFunctionExists.c.o
/usr/bin/cc   -DCHECK_FUNCTION_EXISTS=pthread_create   -o CMakeFiles/cmTC_82352.dir/CheckFunctionExists.c.o   -c /opt/clion-2018.3.4/bin/cmake/linux/share/cmake-3.13/Modules/CheckFunctionExists.c
Linking C executable cmTC_82352
/opt/clion-2018.3.4/bin/cmake/linux/bin/cmake -E cmake_link_script CMakeFiles/cmTC_82352.dir/link.txt --verbose=1
/usr/bin/cc  -DCHECK_FUNCTION_EXISTS=pthread_create    CMakeFiles/cmTC_82352.dir/CheckFunctionExists.c.o  -o cmTC_82352 -lpthreads 
/usr/bin/ld: cannot find -lpthreads
collect2: error: ld returned 1 exit status
CMakeFiles/cmTC_82352.dir/build.make:86: recipe for target 'cmTC_82352' failed
make[1]: *** [cmTC_82352] Error 1
make[1]: выход из каталога «/home/kekor/SAMOSBOR_2/cmake-build-debug/CMakeFiles/CMakeTmp»
Makefile:121: recipe for target 'cmTC_82352/fast' failed
make: *** [cmTC_82352/fast] Error 2


